[debug] [2021-02-01T07:03:30.672Z] ----------------------------------------------------------------------
[debug] [2021-02-01T07:03:30.674Z] Command:       C:\Program Files\nodejs\node.exe C:\Users\JuanGuerrero\AppData\Roaming\npm\node_modules\firebase-tools\lib\bin\firebase.js init
[debug] [2021-02-01T07:03:30.674Z] CLI Version:   9.2.2
[debug] [2021-02-01T07:03:30.674Z] Platform:      win32
[debug] [2021-02-01T07:03:30.675Z] Node Version:  v14.15.4
[debug] [2021-02-01T07:03:30.675Z] Time:          Mon Feb 01 2021 02:03:30 GMT-0500 (hora estándar de Colombia)
[debug] [2021-02-01T07:03:30.675Z] ----------------------------------------------------------------------
[debug] [2021-02-01T07:03:30.675Z] 
[debug] [2021-02-01T07:03:30.680Z] > command requires scopes: ["email","openid","https://www.googleapis.com/auth/cloudplatformprojects.readonly","https://www.googleapis.com/auth/firebase","https://www.googleapis.com/auth/cloud-platform"]
[debug] [2021-02-01T07:03:30.680Z] > authorizing via signed-in user
[info] 
     ######## #### ########  ######## ########     ###     ######  ########
     ##        ##  ##     ## ##       ##     ##  ##   ##  ##       ##
     ######    ##  ########  ######   ########  #########  ######  ######
     ##        ##  ##    ##  ##       ##     ## ##     ##       ## ##
     ##       #### ##     ## ######## ########  ##     ##  ######  ########

You're about to initialize a Firebase project in this directory:

  C:\Users\JuanGuerrero\desktop\marvel-app

[debug] [2021-02-01T07:04:53.543Z] ----------------------------------------------------------------------
[debug] [2021-02-01T07:04:53.545Z] Command:       C:\Program Files\nodejs\node.exe C:\Users\JuanGuerrero\AppData\Roaming\npm\node_modules\firebase-tools\lib\bin\firebase.js init
[debug] [2021-02-01T07:04:53.545Z] CLI Version:   9.2.2
[debug] [2021-02-01T07:04:53.545Z] Platform:      win32
[debug] [2021-02-01T07:04:53.545Z] Node Version:  v14.15.4
[debug] [2021-02-01T07:04:53.546Z] Time:          Mon Feb 01 2021 02:04:53 GMT-0500 (hora estándar de Colombia)
[debug] [2021-02-01T07:04:53.546Z] ----------------------------------------------------------------------
[debug] [2021-02-01T07:04:53.546Z] 
[debug] [2021-02-01T07:04:53.551Z] > command requires scopes: ["email","openid","https://www.googleapis.com/auth/cloudplatformprojects.readonly","https://www.googleapis.com/auth/firebase","https://www.googleapis.com/auth/cloud-platform"]
[debug] [2021-02-01T07:04:53.551Z] > authorizing via signed-in user
[info] 
     ######## #### ########  ######## ########     ###     ######  ########
     ##        ##  ##     ## ##       ##     ##  ##   ##  ##       ##
     ######    ##  ########  ######   ########  #########  ######  ######
     ##        ##  ##    ##  ##       ##     ## ##     ##       ## ##
     ##       #### ##     ## ######## ########  ##     ##  ######  ########

You're about to initialize a Firebase project in this directory:

  C:\Users\JuanGuerrero\Desktop\marvel-app

[info] 
=== Project Setup
[info] 
[info] First, let's associate this project directory with a Firebase project.
[info] You can create multiple project aliases by running firebase use --add, 
[info] but for now we'll just set up a default project.
[info] 
[info] i  If you want to create a project in a Google Cloud organization or folder, please use "firebase projects:create" instead, and return to this command when you've created the project. 
